\BOOKMARK [0][-]{chapter*.5}{\376\377\000L\000i\000s\000t\000\040\000o\000f\000\040\000F\000i\000g\000u\000r\000e\000s}{}% 1
\BOOKMARK [0][-]{chapter*.6}{\376\377\000L\000i\000s\000t\000\040\000o\000f\000\040\000T\000a\000b\000l\000e\000s}{}% 2
\BOOKMARK [0][-]{chapter*.7}{\376\377\000L\000i\000s\000t\000\040\000o\000f\000\040\000A\000l\000g\000o\000r\000i\000t\000h\000m\000s}{}% 3
\BOOKMARK [0][-]{section*.8}{\376\377\000A\000c\000r\000o\000n\000y\000m\000s}{}% 4
\BOOKMARK [0][-]{chapter*.10}{\376\377\000I\000n\000t\000r\000o\000d\000u\000c\000t\000i\000o\000n}{}% 5
\BOOKMARK [0][-]{chapter.1}{\376\377\000P\000r\000o\000j\000e\000c\000t\000\040\000c\000o\000n\000t\000e\000x\000t}{}% 6
\BOOKMARK [1][-]{section.1.1}{\376\377\000P\000r\000e\000s\000e\000n\000t\000a\000t\000i\000o\000n\000\040\000o\000f\000\040\000t\000h\000e\000\040\000h\000o\000s\000t\000\040\000i\000n\000s\000t\000i\000t\000u\000t\000e}{chapter.1}% 7
\BOOKMARK [2][-]{subsection.1.1.1}{\376\377\000P\000r\000e\000s\000e\000n\000t\000a\000t\000i\000o\000n\000\040\000o\000f\000\040\000t\000h\000e\000\040\000i\000n\000s\000t\000i\000t\000u\000t\000e\000\040\000o\000f\000\040\000A\000l\000g\000e\000b\000r\000a}{section.1.1}% 8
\BOOKMARK [2][-]{subsection.1.1.2}{\376\377\000R\000e\000s\000e\000a\000r\000c\000h\000\040\000i\000n\000t\000e\000r\000e\000s\000t}{section.1.1}% 9
\BOOKMARK [1][-]{section.1.2}{\376\377\000P\000r\000o\000j\000e\000c\000t\000\040\000d\000e\000f\000i\000n\000i\000t\000i\000o\000n}{chapter.1}% 10
\BOOKMARK [2][-]{subsection.1.2.1}{\376\377\000G\000e\000n\000e\000r\000a\000l\000\040\000f\000r\000a\000m\000e}{section.1.2}% 11
\BOOKMARK [2][-]{subsection.1.2.2}{\376\377\000M\000o\000t\000i\000v\000a\000t\000i\000o\000n\000s}{section.1.2}% 12
\BOOKMARK [2][-]{subsection.1.2.3}{\376\377\000P\000r\000e\000s\000e\000n\000t\000a\000t\000i\000o\000n\000\040\000o\000f\000\040\000t\000h\000e\000\040\000p\000r\000o\000j\000e\000c\000t}{section.1.2}% 13
\BOOKMARK [1][-]{section.1.3}{\376\377\000R\000e\000q\000u\000i\000r\000e\000m\000e\000n\000t}{chapter.1}% 14
\BOOKMARK [2][-]{subsection.1.3.1}{\376\377\000F\000u\000n\000c\000t\000i\000o\000n\000a\000l\000\040\000R\000e\000q\000u\000i\000r\000e\000m\000e\000n\000t\000s}{section.1.3}% 15
\BOOKMARK [2][-]{subsection.1.3.2}{\376\377\000N\000o\000n\000-\000f\000u\000n\000c\000t\000i\000o\000n\000a\000l\000\040\000r\000e\000q\000u\000i\000r\000e\000m\000e\000n\000t\000s}{section.1.3}% 16
\BOOKMARK [1][-]{section.1.4}{\376\377\000I\000n\000t\000r\000o\000d\000u\000c\000t\000i\000o\000n\000\040\000t\000o\000\040\000M\000e\000a\000n\000\040\000P\000a\000y\000o\000f\000f\000\040\000G\000a\000m\000e\000s}{chapter.1}% 17
\BOOKMARK [2][-]{subsection.1.4.1}{\376\377\000M\000e\000a\000n\000\040\000P\000a\000y\000o\000f\000f\000\040\000G\000a\000m\000e\000s}{section.1.4}% 18
\BOOKMARK [2][-]{subsection.1.4.2}{\376\377\000S\000t\000a\000t\000e\000\040\000o\000f\000\040\000t\000h\000e\000\040\000a\000r\000t}{section.1.4}% 19
\BOOKMARK [1][-]{section.1.5}{\376\377\000I\000n\000t\000r\000o\000d\000u\000c\000t\000i\000o\000n\000\040\000t\000o\000\040\000l\000e\000a\000r\000n\000i\000n\000g\000\040\000a\000p\000p\000r\000o\000a\000c\000h\000e\000s}{chapter.1}% 20
\BOOKMARK [2][-]{subsection.1.5.1}{\376\377\000M\000a\000c\000h\000i\000n\000e\000\040\000l\000e\000a\000r\000n\000i\000n\000g}{section.1.5}% 21
\BOOKMARK [2][-]{subsection.1.5.2}{\376\377\000D\000e\000e\000p\000\040\000l\000e\000a\000r\000n\000i\000n\000g}{section.1.5}% 22
\BOOKMARK [3][-]{subsubsection.1.5.2.1}{\376\377\000N\000e\000u\000r\000a\000l\000\040\000N\000e\000t\000w\000o\000r\000k\000s}{subsection.1.5.2}% 23
\BOOKMARK [3][-]{subsubsection.1.5.2.2}{\376\377\000D\000e\000f\000i\000n\000i\000t\000i\000o\000n}{subsection.1.5.2}% 24
\BOOKMARK [2][-]{subsection.1.5.3}{\376\377\000R\000e\000i\000n\000f\000o\000r\000c\000e\000m\000e\000n\000t\000\040\000l\000e\000a\000r\000n\000i\000n\000g}{section.1.5}% 25
\BOOKMARK [2][-]{subsection.1.5.4}{\376\377\000S\000e\000l\000f\000\040\000P\000l\000a\000y}{section.1.5}% 26
\BOOKMARK [1][-]{section.1.6}{\376\377\000I\000n\000t\000r\000o\000d\000u\000c\000t\000i\000o\000n\000\040\000t\000o\000\040\000h\000i\000g\000h\000\040\000p\000o\000w\000e\000r\000\040\000c\000o\000m\000p\000u\000t\000i\000n\000g}{chapter.1}% 27
\BOOKMARK [2][-]{subsection.1.6.1}{\376\377\000h\000p\000c}{section.1.6}% 28
\BOOKMARK [2][-]{subsection.1.6.2}{\376\377\000P\000r\000e\000r\000e\000q\000u\000i\000s\000i\000t\000e\000s}{section.1.6}% 29
\BOOKMARK [2][-]{subsection.1.6.3}{\376\377\000A\000r\000c\000h\000i\000t\000e\000c\000t\000u\000r\000e}{section.1.6}% 30
\BOOKMARK [1][-]{section.1.7}{\376\377\000W\000o\000r\000k\000\040\000m\000e\000t\000h\000o\000d\000o\000l\000o\000g\000i\000e\000s}{chapter.1}% 31
\BOOKMARK [2][-]{subsection.1.7.1}{\376\377\000A\000g\000i\000l\000e\000\040\000M\000e\000t\000h\000o\000d\000o\000l\000o\000g\000y}{section.1.7}% 32
\BOOKMARK [2][-]{subsection.1.7.2}{\376\377\000C\000r\000i\000s\000p\000-\000D\000M}{section.1.7}% 33
\BOOKMARK [0][-]{chapter.2}{\376\377\000F\000o\000r\000m\000a\000l\000i\000s\000a\000t\000i\000o\000n\000\040\000\046\000\040\000I\000m\000p\000l\000e\000m\000e\000n\000t\000a\000t\000i\000o\000n}{}% 34
\BOOKMARK [1][-]{section.2.1}{\376\377\000F\000o\000r\000m\000a\000l\000i\000s\000a\000t\000i\000o\000n}{chapter.2}% 35
\BOOKMARK [2][-]{subsection.2.1.1}{\376\377\000D\000i\000-\000G\000r\000a\000p\000h}{section.2.1}% 36
\BOOKMARK [2][-]{subsection.2.1.2}{\376\377\000M\000e\000a\000n\000\040\000P\000a\000y\000o\000f\000f\000\040\000G\000a\000m\000e}{section.2.1}% 37
\BOOKMARK [2][-]{subsection.2.1.3}{\376\377\000W\000e\000l\000l\000\040\000F\000o\000u\000n\000d\000n\000e\000s\000s}{section.2.1}% 38
\BOOKMARK [2][-]{subsection.2.1.4}{\376\377\000P\000r\000o\000p\000e\000r\000t\000i\000e\000s}{section.2.1}% 39
\BOOKMARK [3][-]{subsubsection.2.1.4.1}{\376\377\000T\000w\000o\000\040\000P\000l\000a\000y\000e\000r}{subsection.2.1.4}% 40
\BOOKMARK [3][-]{subsubsection.2.1.4.2}{\376\377\000T\000u\000r\000n\000\040\000B\000a\000s\000e\000d}{subsection.2.1.4}% 41
\BOOKMARK [2][-]{subsection.2.1.5}{\376\377\000S\000y\000m\000m\000e\000t\000r\000i\000e\000s}{section.2.1}% 42
\BOOKMARK [3][-]{subsubsection.2.1.5.1}{\376\377\000D\000u\000a\000l\000i\000t\000y}{subsection.2.1.5}% 43
\BOOKMARK [2][-]{subsection.2.1.6}{\376\377\000S\000t\000r\000a\000t\000e\000g\000y}{section.2.1}% 44
\BOOKMARK [3][-]{subsubsection.2.1.6.1}{\376\377\000D\000e\000t\000e\000r\000m\000i\000n\000i\000s\000t\000i\000c\000\040\000S\000t\000r\000a\000t\000e\000g\000i\000e\000s}{subsection.2.1.6}% 45
\BOOKMARK [3][-]{subsubsection.2.1.6.2}{\376\377\000P\000r\000o\000b\000a\000b\000i\000l\000i\000s\000t\000i\000c\000\040\000S\000t\000r\000a\000t\000e\000g\000i\000e\000s}{subsection.2.1.6}% 46
\BOOKMARK [3][-]{subsubsection.2.1.6.3}{\376\377\000C\000o\000n\000s\000i\000d\000e\000r\000e\000d\000\040\000S\000t\000r\000a\000t\000e\000g\000i\000e\000s}{subsection.2.1.6}% 47
\BOOKMARK [3][-]{subsubsection.2.1.6.4}{\376\377\000P\000o\000s\000i\000t\000i\000o\000n\000a\000l\000\040\000O\000p\000t\000i\000m\000a\000l\000\040\000S\000t\000r\000a\000t\000e\000g\000y}{subsection.2.1.6}% 48
\BOOKMARK [4][-]{paragraph.2.1.6.4.1}{\376\377\000W\000e\000a\000k\000\040\000O\000p\000t\000i\000m\000a\000l\000i\000t\000y}{subsubsection.2.1.6.4}% 49
\BOOKMARK [4][-]{paragraph.2.1.6.4.2}{\376\377\000S\000t\000r\000o\000n\000g\000\040\000O\000p\000t\000i\000m\000a\000l\000i\000t\000y}{subsubsection.2.1.6.4}% 50
\BOOKMARK [4][-]{paragraph.2.1.6.4.3}{\376\377\000P\000a\000y\000o\000f\000f\000\040\000O\000p\000t\000i\000m\000a\000l\000i\000t\000y}{subsubsection.2.1.6.4}% 51
\BOOKMARK [2][-]{subsection.2.1.7}{\376\377\000M\000e\000a\000n\000\040\000P\000a\000y\000o\000f\000f}{section.2.1}% 52
\BOOKMARK [3][-]{subsubsection.2.1.7.1}{\376\377\000M\000e\000a\000n\000\040\000P\000a\000y\000o\000f\000f}{subsection.2.1.7}% 53
\BOOKMARK [3][-]{subsubsection.2.1.7.2}{\376\377\000C\000o\000n\000v\000e\000r\000g\000e\000n\000c\000e\000\040\000I\000s\000s\000u\000e\000s}{subsection.2.1.7}% 54
\BOOKMARK [3][-]{subsubsection.2.1.7.3}{\376\377\000G\000a\000m\000e\000\040\000V\000a\000l\000u\000e}{subsection.2.1.7}% 55
\BOOKMARK [1][-]{section.2.2}{\376\377\000E\000v\000a\000l\000u\000a\000t\000i\000n\000g\000\040\000S\000t\000r\000a\000t\000e\000g\000i\000e\000s}{chapter.2}% 56
\BOOKMARK [2][-]{subsection.2.2.1}{\376\377\000M\000o\000n\000t\000e\000-\000C\000a\000r\000l\000o\000\040\000S\000i\000m\000u\000l\000a\000t\000i\000o\000n\000s}{section.2.2}% 57
\BOOKMARK [2][-]{subsection.2.2.2}{\376\377\000P\000o\000s\000i\000t\000i\000o\000n\000a\000l\000\040\000S\000t\000r\000a\000t\000e\000g\000i\000e\000s}{section.2.2}% 58
\BOOKMARK [2][-]{subsection.2.2.3}{\376\377\000P\000r\000o\000b\000a\000b\000i\000l\000i\000s\000t\000i\000c\000\040\000S\000t\000r\000a\000t\000e\000g\000i\000e\000s}{section.2.2}% 59
\BOOKMARK [1][-]{section.2.3}{\376\377\000C\000o\000u\000n\000t\000e\000r\000i\000n\000g\000\040\000S\000t\000r\000a\000t\000e\000g\000i\000e\000s}{chapter.2}% 60
\BOOKMARK [2][-]{subsection.2.3.1}{\376\377\000D\000e\000t\000e\000r\000m\000i\000n\000i\000s\000t\000i\000c\000\040\000C\000o\000u\000n\000t\000e\000r\000\040\000S\000t\000r\000a\000t\000e\000g\000y}{section.2.3}% 61
\BOOKMARK [2][-]{subsection.2.3.2}{\376\377\000P\000r\000o\000b\000a\000b\000i\000l\000i\000s\000t\000i\000c\000\040\000C\000o\000u\000n\000t\000e\000r\000\040\000S\000t\000r\000a\000t\000e\000g\000y}{section.2.3}% 62
\BOOKMARK [1][-]{section.2.4}{\376\377\000L\000i\000b\000r\000a\000r\000y\000\040\000I\000m\000p\000l\000e\000m\000e\000n\000t\000a\000t\000i\000o\000n}{chapter.2}% 63
\BOOKMARK [2][-]{subsection.2.4.1}{\376\377\000m\000p\000g}{section.2.4}% 64
\BOOKMARK [3][-]{subsubsection.2.4.1.1}{\376\377\000c\000s\000p}{subsection.2.4.1}% 65
\BOOKMARK [3][-]{subsubsection.2.4.1.2}{\376\377\000g\000r\000a\000p\000h\000s}{subsection.2.4.1}% 66
\BOOKMARK [3][-]{subsubsection.2.4.1.3}{\376\377\000v\000i\000s\000u\000a\000l\000i\000s\000a\000t\000i\000o\000n}{subsection.2.4.1}% 67
\BOOKMARK [3][-]{subsubsection.2.4.1.4}{\376\377\000g\000a\000m\000e\000s}{subsection.2.4.1}% 68
\BOOKMARK [3][-]{subsubsection.2.4.1.5}{\376\377\000m\000l}{subsection.2.4.1}% 69
\BOOKMARK [3][-]{subsubsection.2.4.1.6}{\376\377\000g\000n\000n}{subsection.2.4.1}% 70
\BOOKMARK [3][-]{subsubsection.2.4.1.7}{\376\377\000r\000l}{subsection.2.4.1}% 71
\BOOKMARK [3][-]{subsubsection.2.4.1.8}{\376\377\000s\000p}{subsection.2.4.1}% 72
\BOOKMARK [3][-]{subsubsection.2.4.1.9}{\376\377\000w\000r\000a\000p\000p\000e\000r}{subsection.2.4.1}% 73
\BOOKMARK [2][-]{subsection.2.4.2}{\376\377\000m\000p\000g\000c\000p\000p}{section.2.4}% 74
\BOOKMARK [3][-]{subsubsection.2.4.2.1}{\376\377\000c\000s\000p}{subsection.2.4.2}% 75
\BOOKMARK [3][-]{subsubsection.2.4.2.2}{\376\377\000g\000a\000m\000e\000s}{subsection.2.4.2}% 76
\BOOKMARK [3][-]{subsubsection.2.4.2.3}{\376\377\000m\000p\000g\000i\000o}{subsection.2.4.2}% 77
\BOOKMARK [2][-]{subsection.2.4.3}{\376\377\000E\000n\000v\000i\000r\000o\000n\000m\000e\000n\000t}{section.2.4}% 78
\BOOKMARK [2][-]{subsection.2.4.4}{\376\377\000T\000e\000s\000t\000i\000n\000g}{section.2.4}% 79
\BOOKMARK [2][-]{subsection.2.4.5}{\376\377\000S\000t\000r\000u\000c\000t\000u\000r\000e}{section.2.4}% 80
\BOOKMARK [0][-]{chapter.3}{\376\377\000D\000a\000t\000a\000s\000e\000t\000\040\000G\000e\000n\000e\000r\000a\000t\000i\000o\000n\000\040\000\046\000\040\000A\000n\000n\000o\000t\000a\000t\000i\000o\000n}{}% 81
\BOOKMARK [1][-]{section.3.1}{\376\377\000D\000e\000c\000o\000m\000p\000o\000s\000i\000t\000i\000o\000n}{chapter.3}% 82
\BOOKMARK [1][-]{section.3.2}{\376\377\000G\000r\000a\000p\000h\000\040\000d\000i\000s\000t\000r\000i\000b\000u\000t\000i\000o\000n\000s}{chapter.3}% 83
\BOOKMARK [2][-]{subsection.3.2.1}{\376\377\000D\000\050\000n\000,\000p\000\051\000\040\000F\000a\000m\000i\000l\000y}{section.3.2}% 84
\BOOKMARK [2][-]{subsection.3.2.2}{\376\377\000D\000\050\000n\000,\000m\000\051\000\040\000F\000a\000m\000i\000l\000y}{section.3.2}% 85
\BOOKMARK [2][-]{subsection.3.2.3}{\376\377\000D\000\050\000n\000,\000p\000\051\000\040\000G\000r\000a\000p\000h\000\040\000C\000o\000n\000s\000t\000r\000u\000c\000t\000i\000o\000n}{section.3.2}% 86
\BOOKMARK [3][-]{subsubsection.3.2.3.1}{\376\377\000N\000a\000i\000v\000e\000\040\000M\000e\000t\000h\000o\000d}{subsection.3.2.3}% 87
\BOOKMARK [3][-]{subsubsection.3.2.3.2}{\376\377\000O\000p\000t\000i\000m\000i\000z\000e\000d\000\040\000M\000e\000t\000h\000o\000d}{subsection.3.2.3}% 88
\BOOKMARK [2][-]{subsection.3.2.4}{\376\377\000C\000h\000o\000i\000c\000e\000\040\000F\000u\000n\000c\000t\000i\000o\000n}{section.3.2}% 89
\BOOKMARK [3][-]{subsubsection.3.2.4.1}{\376\377\000F\000i\000r\000s\000t\000\040\000P\000r\000o\000p\000o\000s\000i\000t\000i\000o\000n}{subsection.3.2.4}% 90
\BOOKMARK [3][-]{subsubsection.3.2.4.2}{\376\377\000C\000o\000m\000p\000l\000e\000x\000i\000t\000y}{subsection.3.2.4}% 91
\BOOKMARK [3][-]{subsubsection.3.2.4.3}{\376\377\000R\000e\000f\000i\000n\000e\000m\000e\000n\000t}{subsection.3.2.4}% 92
\BOOKMARK [2][-]{subsection.3.2.5}{\376\377\000C\000o\000m\000p\000l\000e\000x\000i\000t\000y\000\040\000o\000f\000\040\000O\000p\000t\000i\000m\000i\000s\000e\000d\000\040\000D\000\050\000n\000,\000p\000\051\000\040\000G\000r\000a\000p\000h\000\040\000C\000o\000n\000s\000t\000r\000u\000c\000t\000i\000o\000n}{section.3.2}% 93
\BOOKMARK [2][-]{subsection.3.2.6}{\376\377\000D\000\050\000n\000,\000m\000\051\000\040\000C\000o\000n\000s\000t\000r\000u\000c\000t\000i\000o\000n}{section.3.2}% 94
\BOOKMARK [1][-]{section.3.3}{\376\377\000S\000i\000n\000k\000l\000e\000s\000s\000\040\000C\000o\000n\000d\000i\000t\000i\000o\000n\000n\000i\000n\000g}{chapter.3}% 95
\BOOKMARK [2][-]{subsection.3.3.1}{\376\377\000G\000r\000a\000p\000h\000\040\000r\000e\000j\000e\000c\000t\000i\000o\000n\000\040\000m\000e\000t\000h\000o\000d}{section.3.3}% 96
\BOOKMARK [3][-]{subsubsection.3.3.1.1}{\376\377\000D\000e\000f\000i\000n\000i\000t\000i\000o\000n}{subsection.3.3.1}% 97
\BOOKMARK [3][-]{subsubsection.3.3.1.2}{\376\377\000E\000s\000t\000i\000m\000a\000t\000i\000n\000g\000\040\000C\000o\000m\000p\000l\000e\000x\000i\000t\000y}{subsection.3.3.1}% 98
\BOOKMARK [4][-]{paragraph.3.3.1.2.1}{\376\377\000D\000e\000n\000s\000e\000\040\000G\000r\000a\000p\000h\000\040\000c\000a\000s\000e}{subsubsection.3.3.1.2}% 99
\BOOKMARK [4][-]{paragraph.3.3.1.2.2}{\376\377\000S\000p\000a\000r\000s\000e\000\040\000G\000r\000a\000p\000h\000\040\000c\000a\000s\000e}{subsubsection.3.3.1.2}% 100
\BOOKMARK [2][-]{subsection.3.3.2}{\376\377\000D\000e\000g\000r\000e\000e\000\040\000r\000e\000j\000e\000c\000t\000i\000o\000n\000\040\000m\000e\000t\000h\000o\000d}{section.3.3}% 101
\BOOKMARK [1][-]{section.3.4}{\376\377\000P\000r\000o\000p\000o\000s\000e\000d\000\040\000m\000p\000g\000\040\000d\000i\000s\000t\000r\000i\000b\000u\000t\000i\000o\000n\000s}{chapter.3}% 102
\BOOKMARK [2][-]{subsection.3.4.1}{\376\377\000D\000e\000s\000i\000r\000e\000d\000\040\000p\000r\000o\000p\000e\000r\000t\000i\000e\000s\000\040\000o\000f\000\040\000m\000p\000g\000\040\000d\000i\000s\000t\000r\000i\000b\000u\000t\000i\000o\000n\000s}{section.3.4}% 103
\BOOKMARK [3][-]{subsubsection.3.4.1.1}{\376\377\000F\000a\000i\000r\000n\000e\000s\000s}{subsection.3.4.1}% 104
\BOOKMARK [3][-]{subsubsection.3.4.1.2}{\376\377\000S\000y\000m\000m\000e\000t\000r\000i\000c}{subsection.3.4.1}% 105
\BOOKMARK [2][-]{subsection.3.4.2}{\376\377\000I\000m\000p\000l\000e\000m\000e\000n\000t\000e\000d\000\040\000D\000i\000s\000t\000r\000i\000b\000u\000t\000i\000o\000n\000s}{section.3.4}% 106
\BOOKMARK [1][-]{section.3.5}{\376\377\000M\000P\000G\000\040\000G\000e\000n\000e\000r\000a\000t\000i\000o\000n}{chapter.3}% 107
\BOOKMARK [2][-]{subsection.3.5.1}{\376\377\000D\000i\000s\000t\000r\000i\000b\000u\000t\000i\000o\000n}{section.3.5}% 108
\BOOKMARK [3][-]{subsubsection.3.5.1.1}{\376\377\000D\000e\000n\000s\000e\000\040\000G\000r\000a\000p\000h\000s}{subsection.3.5.1}% 109
\BOOKMARK [3][-]{subsubsection.3.5.1.2}{\376\377\000S\000p\000a\000r\000s\000e\000\040\000G\000r\000a\000p\000h\000s}{subsection.3.5.1}% 110
\BOOKMARK [2][-]{subsection.3.5.2}{\376\377\000I\000m\000p\000l\000e\000m\000e\000n\000t\000a\000t\000i\000o\000n}{section.3.5}% 111
\BOOKMARK [2][-]{subsection.3.5.3}{\376\377\000D\000e\000p\000l\000o\000y\000m\000e\000n\000t}{section.3.5}% 112
\BOOKMARK [1][-]{section.3.6}{\376\377\000A\000n\000n\000o\000t\000a\000t\000i\000o\000n}{chapter.3}% 113
\BOOKMARK [2][-]{subsection.3.6.1}{\376\377\000A\000p\000p\000r\000o\000a\000c\000h}{section.3.6}% 114
\BOOKMARK [2][-]{subsection.3.6.2}{\376\377\000T\000a\000r\000g\000e\000t\000\040\000V\000a\000l\000u\000e\000s}{section.3.6}% 115
\BOOKMARK [2][-]{subsection.3.6.3}{\376\377\000H\000e\000u\000r\000i\000s\000t\000i\000c\000s}{section.3.6}% 116
\BOOKMARK [3][-]{subsubsection.3.6.3.1}{\376\377\000L\000i\000n\000e\000a\000r\000\040\000B\000o\000u\000n\000d}{subsection.3.6.3}% 117
\BOOKMARK [3][-]{subsubsection.3.6.3.2}{\376\377\000E\000a\000r\000l\000y\000\040\000S\000t\000o\000p\000p\000i\000n\000g}{subsection.3.6.3}% 118
\BOOKMARK [2][-]{subsection.3.6.4}{\376\377\000I\000m\000p\000l\000e\000m\000e\000n\000t\000a\000t\000i\000o\000n}{section.3.6}% 119
\BOOKMARK [3][-]{subsubsection.3.6.4.1}{\376\377\000A\000l\000g\000o\000r\000i\000t\000h\000m}{subsection.3.6.4}% 120
\BOOKMARK [3][-]{subsubsection.3.6.4.2}{\376\377\000C\000o\000m\000p\000l\000e\000x\000i\000t\000y\000\040\000A\000n\000a\000l\000y\000s\000i\000s}{subsection.3.6.4}% 121
\BOOKMARK [1][-]{section.3.7}{\376\377\000D\000e\000p\000l\000o\000y\000m\000e\000n\000t}{chapter.3}% 122
\BOOKMARK [2][-]{subsection.3.7.1}{\376\377\000P\000i\000p\000e\000l\000i\000n\000e}{section.3.7}% 123
\BOOKMARK [2][-]{subsection.3.7.2}{\376\377\000R\000e\000s\000u\000l\000t\000s}{section.3.7}% 124
\BOOKMARK [0][-]{chapter.4}{\376\377\000M\000o\000d\000e\000l\000\040\000D\000e\000s\000i\000g\000n}{}% 125
\BOOKMARK [1][-]{section.4.1}{\376\377\000P\000r\000o\000p\000e\000r\000t\000i\000e\000s}{chapter.4}% 126
\BOOKMARK [2][-]{subsection.4.1.1}{\376\377\000T\000o\000t\000a\000l\000i\000t\000y}{section.4.1}% 127
\BOOKMARK [3][-]{subsubsection.4.1.1.1}{\376\377\000D\000e\000f\000i\000n\000i\000t\000i\000o\000n}{subsection.4.1.1}% 128
\BOOKMARK [3][-]{subsubsection.4.1.1.2}{\376\377\000I\000m\000p\000o\000r\000t\000a\000n\000c\000e}{subsection.4.1.1}% 129
\BOOKMARK [2][-]{subsection.4.1.2}{\376\377\000N\000o\000d\000e\000\040\000A\000g\000n\000o\000s\000t\000i\000c}{section.4.1}% 130
\BOOKMARK [3][-]{subsubsection.4.1.2.1}{\376\377\000F\000o\000r\000m\000a\000l\000i\000s\000a\000t\000i\000o\000n}{subsection.4.1.2}% 131
\BOOKMARK [3][-]{subsubsection.4.1.2.2}{\376\377\000E\000x\000p\000l\000a\000n\000a\000t\000i\000o\000n}{subsection.4.1.2}% 132
\BOOKMARK [3][-]{subsubsection.4.1.2.3}{\376\377\000I\000m\000p\000o\000r\000t\000a\000n\000c\000e}{subsection.4.1.2}% 133
\BOOKMARK [2][-]{subsection.4.1.3}{\376\377\000I\000n\000v\000a\000r\000i\000a\000n\000c\000e\000\040\000u\000n\000d\000e\000r\000\040\000P\000o\000s\000i\000t\000i\000v\000e\000\040\000S\000c\000a\000l\000i\000n\000g}{section.4.1}% 134
\BOOKMARK [3][-]{subsubsection.4.1.3.1}{\376\377\000S\000t\000a\000n\000d\000a\000r\000d\000\040\000S\000c\000a\000l\000i\000n\000g}{subsection.4.1.3}% 135
\BOOKMARK [3][-]{subsubsection.4.1.3.2}{\376\377\000M\000a\000x\000i\000m\000u\000m\000\040\000S\000c\000a\000l\000i\000n\000g}{subsection.4.1.3}% 136
\BOOKMARK [4][-]{paragraph.4.1.3.2.1}{\376\377\000I\000m\000p\000l\000e\000m\000e\000n\000t\000a\000t\000i\000o\000n\000\040\000N\000o\000t\000e\000s\000:}{subsubsection.4.1.3.2}% 137
\BOOKMARK [2][-]{subsection.4.1.4}{\376\377\000P\000e\000r\000m\000u\000t\000a\000t\000i\000o\000n\000\040\000E\000q\000u\000i\000v\000a\000r\000i\000a\000n\000c\000e}{section.4.1}% 138
\BOOKMARK [3][-]{subsubsection.4.1.4.1}{\376\377\000D\000e\000f\000i\000n\000i\000t\000i\000o\000n}{subsection.4.1.4}% 139
\BOOKMARK [3][-]{subsubsection.4.1.4.2}{\376\377\000I\000m\000p\000o\000r\000t\000a\000n\000c\000e}{subsection.4.1.4}% 140
\BOOKMARK [2][-]{subsection.4.1.5}{\376\377\000S\000t\000a\000b\000i\000l\000i\000t\000y\000\040\000u\000n\000d\000e\000r\000\040\000P\000a\000d\000d\000i\000n\000g}{section.4.1}% 141
\BOOKMARK [3][-]{subsubsection.4.1.5.1}{\376\377\000D\000e\000f\000i\000n\000i\000t\000i\000o\000n}{subsection.4.1.5}% 142
\BOOKMARK [3][-]{subsubsection.4.1.5.2}{\376\377\000I\000m\000p\000o\000r\000t\000a\000n\000c\000e}{subsection.4.1.5}% 143
\BOOKMARK [3][-]{subsubsection.4.1.5.3}{\376\377\000R\000e\000m\000o\000v\000i\000n\000g\000\040\000U\000n\000r\000e\000a\000c\000h\000a\000b\000l\000e\000\040\000N\000o\000d\000e\000s}{subsection.4.1.5}% 144
\BOOKMARK [1][-]{section.4.2}{\376\377\000C\000o\000n\000s\000i\000d\000e\000r\000e\000d\000\040\000M\000o\000d\000e\000l\000s}{chapter.4}% 145
\BOOKMARK [2][-]{subsection.4.2.1}{\376\377\000V\000a\000l\000u\000e\000\040\000b\000a\000s\000e\000d\000\040\000M\000o\000d\000e\000l}{section.4.2}% 146
\BOOKMARK [2][-]{subsection.4.2.2}{\376\377\000S\000t\000r\000a\000t\000e\000g\000y\000\040\000b\000a\000s\000e\000d\000\040\000M\000o\000d\000e\000l}{section.4.2}% 147
\BOOKMARK [1][-]{section.4.3}{\376\377\000B\000u\000i\000l\000d\000i\000n\000g\000\040\000t\000h\000e\000\040\000M\000o\000d\000e\000l}{chapter.4}% 148
\BOOKMARK [2][-]{subsection.4.3.1}{\376\377\000P\000r\000e\000p\000r\000o\000c\000e\000s\000s\000i\000n\000g\000\040\000B\000l\000o\000c\000k}{section.4.3}% 149
\BOOKMARK [3][-]{subsubsection.4.3.1.1}{\376\377\000P\000a\000d\000d\000i\000n\000g\000\040\000L\000a\000y\000e\000r}{subsection.4.3.1}% 150
\BOOKMARK [3][-]{subsubsection.4.3.1.2}{\376\377\000R\000a\000n\000d\000o\000m\000\040\000C\000o\000n\000n\000e\000c\000t\000i\000o\000n\000s}{subsection.4.3.1}% 151
\BOOKMARK [3][-]{subsubsection.4.3.1.3}{\376\377\000W\000e\000i\000g\000h\000t\000s\000\040\000N\000o\000r\000m\000a\000l\000i\000s\000a\000t\000i\000o\000n}{subsection.4.3.1}% 152
\BOOKMARK [3][-]{subsubsection.4.3.1.4}{\376\377\000W\000e\000i\000g\000h\000t\000s\000\040\000N\000o\000i\000s\000e}{subsection.4.3.1}% 153
\BOOKMARK [3][-]{subsubsection.4.3.1.5}{\376\377\000O\000n\000e\000\040\000H\000o\000t\000\040\000E\000n\000c\000o\000d\000i\000n\000g}{subsection.4.3.1}% 154
\BOOKMARK [2][-]{subsection.4.3.2}{\376\377\000W\000e\000i\000g\000h\000t\000e\000d\000\040\000G\000r\000a\000p\000h\000\040\000C\000o\000n\000v\000o\000l\000u\000t\000i\000o\000n\000a\000l\000\040\000N\000e\000t\000w\000o\000r\000k}{section.4.3}% 155
\BOOKMARK [2][-]{subsection.4.3.3}{\376\377\000C\000o\000n\000v\000o\000l\000u\000t\000i\000o\000n\000a\000l\000\040\000B\000l\000o\000c\000k}{section.4.3}% 156
\BOOKMARK [2][-]{subsection.4.3.4}{\376\377\000P\000r\000e\000d\000i\000c\000t\000i\000o\000n\000\040\000B\000l\000o\000c\000k}{section.4.3}% 157
\BOOKMARK [2][-]{subsection.4.3.5}{\376\377\000M\000o\000d\000e\000l\000\040\000A\000r\000c\000h\000i\000t\000e\000c\000t\000u\000r\000e}{section.4.3}% 158
\BOOKMARK [1][-]{section.4.4}{\376\377\000O\000p\000t\000i\000m\000i\000z\000a\000t\000i\000o\000n}{chapter.4}% 159
\BOOKMARK [2][-]{subsection.4.4.1}{\376\377\000L\000o\000s\000s\000\040\000f\000u\000n\000c\000t\000i\000o\000n}{section.4.4}% 160
\BOOKMARK [2][-]{subsection.4.4.2}{\376\377\000O\000p\000t\000i\000m\000i\000z\000e\000r}{section.4.4}% 161
\BOOKMARK [2][-]{subsection.4.4.3}{\376\377\000H\000y\000p\000e\000r\000-\000p\000a\000r\000a\000m\000e\000t\000e\000r\000s}{section.4.4}% 162
\BOOKMARK [1][-]{section.4.5}{\376\377\000C\000o\000n\000f\000i\000g\000u\000r\000a\000t\000i\000o\000n}{chapter.4}% 163
\BOOKMARK [2][-]{subsection.4.5.1}{\376\377\000M\000o\000d\000e\000l\000\040\000c\000o\000n\000f\000i\000g\000u\000r\000a\000t\000i\000o\000n}{section.4.5}% 164
\BOOKMARK [2][-]{subsection.4.5.2}{\376\377\000T\000r\000a\000i\000n\000i\000n\000g\000\040\000c\000o\000n\000f\000i\000g\000u\000r\000a\000t\000i\000o\000n}{section.4.5}% 165
\BOOKMARK [0][-]{chapter.5}{\376\377\000R\000e\000i\000n\000f\000o\000r\000c\000e\000m\000e\000n\000t\000\040\000l\000e\000a\000r\000n\000i\000n\000g\000\040\000a\000n\000d\000\040\000S\000e\000l\000f\000\040\000p\000l\000a\000y\000\040\000a\000p\000p\000r\000o\000a\000c\000h}{}% 166
\BOOKMARK [1][-]{section.5.1}{\376\377\000R\000e\000i\000n\000f\000o\000r\000c\000e\000m\000e\000n\000t\000\040\000L\000e\000a\000r\000n\000i\000n\000g}{chapter.5}% 167
\BOOKMARK [2][-]{subsection.5.1.1}{\376\377\000D\000e\000f\000i\000n\000i\000t\000i\000o\000n}{section.5.1}% 168
\BOOKMARK [2][-]{subsection.5.1.2}{\376\377\000T\000h\000e\000o\000r\000y}{section.5.1}% 169
\BOOKMARK [3][-]{subsubsection.5.1.2.1}{\376\377\000S\000i\000n\000g\000l\000e\000\040\000A\000g\000e\000n\000t}{subsection.5.1.2}% 170
\BOOKMARK [3][-]{subsubsection.5.1.2.2}{\376\377\000M\000u\000l\000t\000i\000\040\000A\000g\000e\000n\000t}{subsection.5.1.2}% 171
\BOOKMARK [2][-]{subsection.5.1.3}{\376\377\000r\000l\000\040\000f\000o\000r\000m\000a\000l\000i\000s\000a\000t\000i\000o\000n\000\040\000o\000f\000\040\000a\000\040\000m\000p\000g}{section.5.1}% 172
\BOOKMARK [3][-]{subsubsection.5.1.3.1}{\376\377\000I\000n\000s\000t\000a\000n\000c\000e\000\040\000b\000a\000s\000e\000d\000\040\000f\000o\000r\000m\000a\000l\000i\000s\000m}{subsection.5.1.3}% 173
\BOOKMARK [3][-]{subsubsection.5.1.3.2}{\376\377\000G\000l\000o\000b\000a\000l\000\040\000f\000o\000r\000m\000a\000l\000i\000s\000m}{subsection.5.1.3}% 174
\BOOKMARK [2][-]{subsection.5.1.4}{\376\377\000B\000e\000n\000e\000f\000i\000t\000s\000\040\000o\000f\000\040\000g\000l\000o\000b\000a\000l\000\040\000f\000o\000r\000m\000a\000l\000i\000s\000m}{section.5.1}% 175
\BOOKMARK [2][-]{subsection.5.1.5}{\376\377\000G\000e\000n\000e\000r\000a\000t\000i\000n\000g\000\040\000r\000a\000n\000d\000o\000m\000\040\000m\000p\000g}{section.5.1}% 176
\BOOKMARK [3][-]{subsubsection.5.1.5.1}{\376\377\000D\000p\000,\000U\000S\000\040\000d\000i\000s\000t\000r\000i\000b\000u\000t\000i\000o\000n}{subsection.5.1.5}% 177
\BOOKMARK [3][-]{subsubsection.5.1.5.2}{\376\377\000D\000c\000,\000U\000S\000\040\000d\000i\000s\000t\000r\000i\000b\000u\000t\000i\000o\000n}{subsection.5.1.5}% 178
\BOOKMARK [3][-]{subsubsection.5.1.5.3}{\376\377\000I\000m\000p\000o\000r\000t\000a\000n\000c\000e}{subsection.5.1.5}% 179
\BOOKMARK [2][-]{subsection.5.1.6}{\376\377\000C\000o\000n\000s\000i\000d\000e\000r\000e\000d\000\040\000r\000l\000\040\000a\000l\000g\000o\000r\000i\000t\000h\000m}{section.5.1}% 180
\BOOKMARK [1][-]{section.5.2}{\376\377\000M\000o\000n\000t\000e\000\040\000C\000a\000r\000l\000o\000\040\000T\000r\000e\000e\000\040\000S\000e\000a\000r\000c\000h}{chapter.5}% 181
\BOOKMARK [2][-]{subsection.5.2.1}{\376\377\000S\000e\000l\000e\000c\000t\000i\000o\000n}{section.5.2}% 182
\BOOKMARK [2][-]{subsection.5.2.2}{\376\377\000E\000x\000p\000a\000n\000s\000i\000o\000n}{section.5.2}% 183
\BOOKMARK [2][-]{subsection.5.2.3}{\376\377\000S\000i\000m\000u\000l\000a\000t\000i\000o\000n}{section.5.2}% 184
\BOOKMARK [2][-]{subsection.5.2.4}{\376\377\000B\000a\000c\000k\000p\000r\000o\000p\000a\000g\000a\000t\000i\000o\000n}{section.5.2}% 185
\BOOKMARK [2][-]{subsection.5.2.5}{\376\377\000W\000r\000a\000p\000p\000i\000n\000g\000\040\000u\000p}{section.5.2}% 186
\BOOKMARK [1][-]{section.5.3}{\376\377\000M\000o\000d\000e\000l\000\040\000b\000a\000s\000e\000d\000\040\000m\000c\000t\000s}{chapter.5}% 187
\BOOKMARK [2][-]{subsection.5.3.1}{\376\377\000C\000r\000e\000a\000t\000e\000\040\000c\000h\000i\000l\000d\000r\000e\000n}{section.5.3}% 188
\BOOKMARK [2][-]{subsection.5.3.2}{\376\377\000P\000l\000a\000y\000o\000u\000t\000\040\000P\000o\000l\000i\000c\000y}{section.5.3}% 189
\BOOKMARK [2][-]{subsection.5.3.3}{\376\377\000S\000e\000l\000e\000c\000t\000i\000o\000n\000\040\000P\000o\000l\000i\000c\000y}{section.5.3}% 190
\BOOKMARK [2][-]{subsection.5.3.4}{\376\377\000W\000r\000a\000p\000p\000i\000n\000g\000\040\000u\000p}{section.5.3}% 191
\BOOKMARK [2][-]{subsection.5.3.5}{\376\377\000U\000p\000d\000a\000t\000i\000n\000g\000\040\000m\000o\000d\000e\000l}{section.5.3}% 192
\BOOKMARK [3][-]{subsubsection.5.3.5.1}{\376\377\000E\000v\000a\000l\000u\000a\000t\000i\000o\000n\000\040\000e\000s\000t\000i\000m\000a\000t\000e}{subsection.5.3.5}% 193
\BOOKMARK [3][-]{subsubsection.5.3.5.2}{\376\377\000S\000t\000r\000a\000t\000e\000g\000y\000\040\000e\000s\000t\000i\000m\000a\000t\000e}{subsection.5.3.5}% 194
\BOOKMARK [3][-]{subsubsection.5.3.5.3}{\376\377\000R\000e\000f\000i\000t\000t\000i\000n\000g}{subsection.5.3.5}% 195
\BOOKMARK [1][-]{section.5.4}{\376\377\000S\000e\000r\000v\000i\000c\000e\000s}{chapter.5}% 196
\BOOKMARK [2][-]{subsection.5.4.1}{\376\377\000R\000a\000t\000i\000o\000n\000a\000l\000e}{section.5.4}% 197
\BOOKMARK [2][-]{subsection.5.4.2}{\376\377\000L\000e\000a\000r\000n\000e\000r}{section.5.4}% 198
\BOOKMARK [2][-]{subsection.5.4.3}{\376\377\000A\000c\000t\000o\000r}{section.5.4}% 199
\BOOKMARK [2][-]{subsection.5.4.4}{\376\377\000E\000v\000a\000l\000u\000a\000t\000o\000r}{section.5.4}% 200
\BOOKMARK [1][-]{section.5.5}{\376\377\000S\000e\000l\000f\000-\000p\000l\000a\000y\000\040\000p\000i\000p\000e\000l\000i\000n\000e}{chapter.5}% 201
\BOOKMARK [2][-]{subsection.5.5.1}{\376\377\000D\000e\000c\000o\000u\000p\000l\000i\000n\000g\000\040\000s\000e\000r\000v\000i\000c\000e\000\040\000c\000o\000m\000m\000u\000n\000i\000c\000a\000t\000i\000o\000n}{section.5.5}% 202
\BOOKMARK [2][-]{subsection.5.5.2}{\376\377\000D\000i\000s\000t\000r\000i\000b\000u\000t\000i\000n\000g\000\040\000t\000h\000e\000\040\000p\000i\000p\000e\000l\000i\000n\000e}{section.5.5}% 203
\BOOKMARK [2][-]{subsection.5.5.3}{\376\377\000r\000e\000s\000t\000\040\000s\000e\000r\000v\000e\000r\000s}{section.5.5}% 204
\BOOKMARK [2][-]{subsection.5.5.4}{\376\377\000g\000r\000p\000c\000\040\000s\000e\000r\000v\000e\000r}{section.5.5}% 205
\BOOKMARK [2][-]{subsection.5.5.5}{\376\377\000T\000e\000n\000s\000o\000r\000b\000o\000a\000r\000d\000\040\000s\000e\000r\000v\000e\000r}{section.5.5}% 206
\BOOKMARK [1][-]{section.5.6}{\376\377\000I\000m\000p\000l\000e\000m\000e\000n\000t\000a\000t\000i\000o\000n}{chapter.5}% 207
\BOOKMARK [1][-]{section.5.7}{\376\377\000D\000e\000p\000l\000o\000y\000m\000e\000n\000t}{chapter.5}% 208
\BOOKMARK [1][-]{section.5.8}{\376\377\000C\000o\000n\000f\000i\000g\000u\000r\000a\000t\000i\000o\000n}{chapter.5}% 209
\BOOKMARK [2][-]{subsection.5.8.1}{\376\377\000R\000e\000p\000l\000a\000y\000\040\000b\000u\000f\000f\000e\000r}{section.5.8}% 210
\BOOKMARK [2][-]{subsection.5.8.2}{\376\377\000S\000e\000r\000v\000i\000c\000e\000s}{section.5.8}% 211
\BOOKMARK [1][-]{section.5.9}{\376\377\000E\000x\000e\000c\000u\000t\000i\000o\000n}{chapter.5}% 212
\BOOKMARK [0][-]{chapter.6}{\376\377\000A\000n\000a\000l\000y\000s\000e}{}% 213
\BOOKMARK [0][-]{chapter*.62}{\376\377\000C\000o\000n\000c\000l\000u\000s\000i\000o\000n\000\040\000\046\000\040\000P\000e\000r\000s\000p\000e\000c\000t\000i\000v\000e\000s}{}% 214
\BOOKMARK [0][-]{appendix.A}{\376\377\000O\000n\000\040\000C\000o\000n\000s\000t\000r\000a\000i\000n\000t\000\040\000S\000a\000t\000i\000s\000t\000f\000a\000c\000t\000i\000o\000n\000\040\000P\000r\000o\000b\000l\000e\000m\000s}{}% 215
\BOOKMARK [1][-]{section.A.1}{\376\377\000C\000o\000n\000s\000t\000r\000a\000i\000n\000t\000\040\000S\000a\000t\000i\000s\000f\000a\000c\000t\000i\000o\000n\000\040\000P\000r\000o\000b\000l\000e\000m}{appendix.A}% 216
\BOOKMARK [2][-]{subsection.A.1.1}{\376\377\000D\000e\000f\000i\000n\000i\000t\000i\000o\000n}{section.A.1}% 217
\BOOKMARK [2][-]{subsection.A.1.2}{\376\377\000A\000s\000s\000i\000g\000n\000m\000e\000n\000t}{section.A.1}% 218
\BOOKMARK [2][-]{subsection.A.1.3}{\376\377\000P\000o\000l\000y\000m\000o\000r\000p\000h\000i\000s\000m}{section.A.1}% 219
\BOOKMARK [1][-]{section.A.2}{\376\377\000T\000e\000r\000n\000a\000r\000y\000\040\000M\000a\000x\000\040\000A\000t\000o\000m\000\040\000S\000y\000s\000t\000e\000m\000s}{appendix.A}% 220
\BOOKMARK [2][-]{subsection.A.2.1}{\376\377\000D\000e\000f\000i\000n\000i\000t\000i\000o\000n}{section.A.2}% 221
\BOOKMARK [2][-]{subsection.A.2.2}{\376\377\000E\000x\000a\000m\000p\000l\000e}{section.A.2}% 222
\BOOKMARK [1][-]{section.A.3}{\376\377\000M\000a\000x\000\040\000A\000t\000o\000m\000\040\000S\000y\000s\000t\000e\000m\000s}{appendix.A}% 223
\BOOKMARK [2][-]{subsection.A.3.1}{\376\377\000D\000e\000f\000i\000n\000i\000t\000i\000o\000n}{section.A.3}% 224
\BOOKMARK [2][-]{subsection.A.3.2}{\376\377\000M\000A\000\040\000M\000A\0003}{section.A.3}% 225
\BOOKMARK [3][-]{subsubsection.A.3.2.1}{\376\377\000R\000e\000c\000u\000r\000s\000i\000v\000e\000\040\000R\000e\000d\000u\000c\000t\000i\000o\000n}{subsection.A.3.2}% 226
\BOOKMARK [4][-]{paragraph.A.3.2.1.1}{\376\377\000I\000m\000p\000l\000i\000c\000a\000t\000i\000o\000n}{subsubsection.A.3.2.1}% 227
\BOOKMARK [4][-]{paragraph.A.3.2.1.2}{\376\377\000E\000q\000u\000i\000v\000a\000l\000e\000n\000c\000e}{subsubsection.A.3.2.1}% 228
\BOOKMARK [3][-]{subsubsection.A.3.2.2}{\376\377\000I\000n\000d\000u\000c\000t\000i\000o\000n}{subsection.A.3.2}% 229
\BOOKMARK [2][-]{subsection.A.3.3}{\376\377\000P\000o\000l\000y\000m\000o\000r\000p\000h\000i\000s\000m\000s}{section.A.3}% 230
\BOOKMARK [1][-]{section.A.4}{\376\377\000M\000i\000n\000-\000M\000a\000x\000\040\000S\000y\000s\000t\000e\000m}{appendix.A}% 231
\BOOKMARK [2][-]{subsection.A.4.1}{\376\377\000T\000r\000a\000n\000s\000f\000o\000r\000m\000i\000n\000g\000\040\000t\000o\000\040\000M\000a\000x\000\040\000A\000t\000o\000m\000\040\000S\000y\000s\000t\000e\000m\000s}{section.A.4}% 232
\BOOKMARK [3][-]{subsubsection.A.4.1.1}{\376\377\000T\000r\000a\000n\000s\000f\000o\000r\000m\000i\000n\000g\000\040\000M\000I\000\040\000c\000o\000n\000s\000t\000r\000a\000i\000n\000t\000s}{subsection.A.4.1}% 233
\BOOKMARK [3][-]{subsubsection.A.4.1.2}{\376\377\000T\000r\000a\000n\000f\000o\000r\000m\000i\000n\000g\000\040\000M\000A\000\040\000c\000o\000n\000s\000t\000r\000a\000i\000n\000t\000s}{subsection.A.4.1}% 234
\BOOKMARK [3][-]{subsubsection.A.4.1.3}{\376\377\000B\000u\000i\000l\000d\000i\000n\000g\000\040\000t\000h\000e\000\040\000M\000a\000x\000\040\000A\000t\000o\000m\000\040\000S\000y\000s\000t\000e\000m}{subsection.A.4.1}% 235
\BOOKMARK [3][-]{subsubsection.A.4.1.4}{\376\377\000E\000q\000u\000i\000v\000a\000l\000e\000n\000c\000e}{subsection.A.4.1}% 236
\BOOKMARK [1][-]{section.A.5}{\376\377\000S\000o\000l\000v\000i\000n\000g\000\040\000M\000e\000a\000n\000\040\000P\000a\000y\000o\000f\000f}{appendix.A}% 237
\BOOKMARK [2][-]{subsection.A.5.1}{\376\377\000R\000e\000d\000u\000c\000t\000i\000o\000n\000\040\000t\000o\000\040\000M\000i\000n\000\040\000M\000a\000x\000\040\000S\000y\000s\000t\000e\000m}{section.A.5}% 238
\BOOKMARK [2][-]{subsection.A.5.2}{\376\377\000A\000r\000c\000\040\000C\000o\000n\000s\000i\000s\000t\000e\000n\000c\000y}{section.A.5}% 239
\BOOKMARK [3][-]{subsubsection.A.5.2.1}{\376\377\000F\000i\000r\000s\000t\000\040\000I\000m\000p\000l\000e\000m\000e\000n\000t\000a\000t\000i\000o\000n}{subsection.A.5.2}% 240
\BOOKMARK [3][-]{subsubsection.A.5.2.2}{\376\377\000R\000e\000f\000i\000n\000e\000m\000e\000n\000t}{subsection.A.5.2}% 241
\BOOKMARK [0][-]{appendix.B}{\376\377\000O\000n\000\040\000R\000a\000n\000d\000o\000m\000\040\000M\000e\000a\000n\000\040\000P\000a\000y\000o\000f\000f\000\040\000G\000r\000a\000p\000h\000s}{}% 242
\BOOKMARK [1][-]{section.B.1}{\376\377\000S\000i\000n\000k\000l\000e\000s\000s\000\040\000D\000\050\000n\000,\000p\000\051\000\040\000G\000r\000a\000p\000h}{appendix.B}% 243
\BOOKMARK [2][-]{subsection.B.1.1}{\376\377\000P\000r\000o\000p\000e\000r\000t\000y}{section.B.1}% 244
\BOOKMARK [2][-]{subsection.B.1.2}{\376\377\000B\000a\000s\000i\000c\000\040\000C\000o\000m\000p\000a\000r\000i\000s\000o\000n\000\040\000w\000i\000t\000h\000\040\000N\000o\000r\000m\000a\000l\000\040\000D\000\050\000n\000,\000p\000\051}{section.B.1}% 245
\BOOKMARK [2][-]{subsection.B.1.3}{\376\377\000P\000r\000o\000p\000e\000r\000t\000y\000\040\000P\000r\000o\000b\000a\000b\000i\000l\000i\000t\000y}{section.B.1}% 246
\BOOKMARK [2][-]{subsection.B.1.4}{\376\377\000A\000s\000y\000m\000p\000t\000o\000t\000i\000c\000\040\000A\000n\000a\000l\000y\000s\000i\000s\000\040\000F\000o\000r\000\040\000D\000e\000n\000s\000e\000\040\000D\000\050\000n\000,\000p\000\051}{section.B.1}% 247
\BOOKMARK [2][-]{subsection.B.1.5}{\376\377\000A\000s\000y\000m\000p\000t\000o\000t\000i\000c\000\040\000A\000n\000a\000l\000y\000s\000i\000s\000\040\000F\000o\000r\000\040\000S\000p\000a\000r\000s\000e\000\040\000D\000\050\000n\000,\000p\000\051}{section.B.1}% 248
\BOOKMARK [1][-]{section.B.2}{\376\377\000V\000e\000r\000i\000f\000i\000c\000a\000t\000i\000o\000n\000\040\000o\000f\000\040\000d\000i\000s\000t\000r\000i\000b\000u\000t\000i\000o\000n\000\040\000p\000r\000o\000p\000e\000r\000t\000i\000e\000s}{appendix.B}% 249
\BOOKMARK [2][-]{subsection.B.2.1}{\376\377\000S\000y\000m\000m\000e\000t\000r\000i\000c}{section.B.2}% 250
\BOOKMARK [2][-]{subsection.B.2.2}{\376\377\000F\000a\000i\000r\000n\000e\000s\000s}{section.B.2}% 251
\BOOKMARK [2][-]{subsection.B.2.3}{\376\377\000C\000o\000n\000c\000l\000u\000s\000i\000o\000n}{section.B.2}% 252
\BOOKMARK [1][-]{section.B.3}{\376\377\000E\000x\000p\000e\000c\000t\000e\000d\000\040\000M\000e\000a\000n\000\040\000P\000a\000y\000o\000f\000f}{appendix.B}% 253
\BOOKMARK [2][-]{subsection.B.3.1}{\376\377\000D\000e\000f\000i\000n\000i\000t\000i\000o\000n}{section.B.3}% 254
\BOOKMARK [2][-]{subsection.B.3.2}{\376\377\000M\000a\000t\000r\000i\000x\000\040\000F\000o\000r\000m}{section.B.3}% 255
\BOOKMARK [0][-]{appendix.C}{\376\377\000O\000n\000\040\000P\000r\000o\000b\000a\000b\000i\000l\000i\000s\000t\000i\000c\000\040\000S\000t\000r\000a\000t\000e\000g\000i\000e\000s}{}% 256
\BOOKMARK [1][-]{section.C.1}{\376\377\000M\000a\000r\000k\000o\000v\000i\000a\000n\000\040\000N\000a\000t\000u\000r\000e}{appendix.C}% 257
\BOOKMARK [2][-]{subsection.C.1.1}{\376\377\000F\000i\000x\000i\000n\000g\000\040\000`\0003\003\001\0009\000`\0004\0002\000`\000"\003\007\0006\0001\0003\000A\000`\000`\0004\0005\000`\0004\0007\000`\000"\0006\0000\0003\000A\000O\000p\000t}{section.C.1}% 258
\BOOKMARK [3][-]{subsubsection.C.1.1.1}{\376\377\000T\000r\000a\000n\000s\000i\000t\000i\000o\000n\000s}{subsection.C.1.1}% 259
\BOOKMARK [3][-]{subsubsection.C.1.1.2}{\376\377\000R\000e\000w\000a\000r\000d\000s}{subsection.C.1.1}% 260
\BOOKMARK [2][-]{subsection.C.1.2}{\376\377\000F\000i\000x\000i\000n\000g\000\040\000b\000o\000t\000h\000\040\000`\0003\003\001\0009\000`\0004\0002\000`\000"\003\007\0006\0001\0003\000A\000`\000`\0004\0005\000`\0004\0007\000`\000"\0006\0000\0003\000A\000M\000a\000x\000\040\000a\000n\000d\000\040\000`\0003\003\001\0009\000`\0004\0002\000`\000"\003\007\0006\0001\0003\000A\000`\000`\0004\0005\000`\0004\0007\000`\000"\0006\0000\0003\000A\000M\000i\000n}{section.C.1}% 261
\BOOKMARK [1][-]{section.C.2}{\376\377\000E\000x\000p\000e\000c\000t\000e\000d\000\040\000R\000e\000w\000a\000r\000d\000\040\000o\000f\000\040\000a\000\040\000M\000R\000P}{appendix.C}% 262
\BOOKMARK [2][-]{subsection.C.2.1}{\376\377\000M\000a\000r\000k\000o\000v\000\040\000R\000e\000w\000a\000r\000d\000\040\000P\000r\000o\000c\000e\000s\000s}{section.C.2}% 263
\BOOKMARK [3][-]{subsubsection.C.2.1.1}{\376\377\000D\000e\000f\000i\000n\000i\000t\000i\000o\000n}{subsection.C.2.1}% 264
\BOOKMARK [3][-]{subsubsection.C.2.1.2}{\376\377\000E\000x\000e\000c\000u\000t\000i\000o\000n\000\040\000a\000n\000d\000\040\000A\000w\000a\000r\000d}{subsection.C.2.1}% 265
\BOOKMARK [2][-]{subsection.C.2.2}{\376\377\000E\000x\000p\000e\000c\000t\000e\000d\000\040\000d\000i\000s\000c\000o\000u\000n\000t\000e\000d\000\040\000r\000e\000w\000a\000r\000d}{section.C.2}% 266
\BOOKMARK [2][-]{subsection.C.2.3}{\376\377\000E\000x\000p\000e\000c\000t\000e\000d\000\040\000a\000v\000e\000r\000a\000g\000e\000-\000t\000i\000m\000e\000\040\000r\000e\000w\000a\000r\000d}{section.C.2}% 267
\BOOKMARK [3][-]{subsubsection.C.2.3.1}{\376\377\000D\000e\000r\000i\000v\000i\000n\000g\000\040\000F\000o\000r\000m\000u\000l\000a}{subsection.C.2.3}% 268
\BOOKMARK [3][-]{subsubsection.C.2.3.2}{\376\377\000C\000o\000n\000v\000e\000r\000g\000e\000n\000c\000e}{subsection.C.2.3}% 269
\BOOKMARK [1][-]{section.C.3}{\376\377\000E\000v\000a\000l\000u\000a\000t\000i\000o\000n\000\040\000o\000f\000\040\000p\000r\000o\000b\000a\000b\000i\000l\000i\000s\000t\000i\000c\000\040\000s\000t\000r\000a\000t\000e\000g\000i\000e\000s}{appendix.C}% 270
\BOOKMARK [2][-]{subsection.C.3.1}{\376\377\000D\000e\000f\000i\000n\000i\000t\000i\000o\000n}{section.C.3}% 271
\BOOKMARK [2][-]{subsection.C.3.2}{\376\377\000M\000a\000t\000r\000i\000x\000\040\000F\000o\000r\000m}{section.C.3}% 272
\BOOKMARK [0][-]{appendix*.63}{\376\377\000B\000i\000b\000l\000i\000o\000g\000r\000a\000p\000h\000y}{}% 273
